<?xml version="1.0" encoding="UTF-8"?>
<!-- Generated by org.testng.reporters.JUnitReportReporter -->
<testsuite hostname="EPBYMINW0918" name="tests.TestY" tests="1" failures="0" timestamp="22 Jun 2015 13:03:55 GMT" time="50.903" errors="0">
  <testcase name="testYandex" time="50.903" classname="tests.TestY"/>
</testsuite> <!-- tests.TestY -->
